[00:12:08] [Server thread/INFO]: lekkeh4 has made the advancement [The Cutest Predator]
[00:18:22] [Server thread/INFO]: Headgoat fell from a high place
[00:18:54] [Server thread/INFO]: Headgoat fell from a high place
[00:26:40] [Server thread/INFO]: lekkeh4 has made the advancement [Enchanter]
[00:26:59] [Server thread/INFO]: <lekkeh4> pegame papi
[00:27:08] [Server thread/INFO]: <lekkeh4> nashe
[00:27:12] [Server thread/INFO]: <lekkeh4> uh
[00:27:12] [Server thread/INFO]: <Headgoat> nachi
[00:27:16] [Server thread/INFO]: <lekkeh4> 2 corazones y medio
[00:27:22] [Server thread/INFO]: <lekkeh4> el escudo es perma
[00:27:26] [Server thread/INFO]: <lekkeh4> pero se va gastando
[00:27:27] [Server thread/INFO]: <Headgoat> deam
[00:27:34] [Server thread/INFO]: <Headgoat> esta bueno entonces
[00:27:49] [Server thread/INFO]: <Headgoat> el mio se banca unas pocas y se gasta al toque
[00:28:04] [Server thread/INFO]: <Headgoat> te iba a decir que me retiro
[00:28:09] [Server thread/INFO]: <Headgoat> asi que nos vemos
[00:28:12] [Server thread/INFO]: <lekkeh4> vaya mi amor
[00:28:15] [Server thread/INFO]: <Headgoat> toma un arco poder 2
[00:28:18] [Server thread/INFO]: <lekkeh4> oaa
[00:28:21] [Server thread/INFO]: <Headgoat> era 1
[00:28:23] [Server thread/INFO]: <lekkeh4> gracias
[00:28:25] [Server thread/INFO]: <lekkeh4> :c
[00:28:28] [Server thread/INFO]: <Headgoat> chau mi amorito
[00:28:29] [Server thread/INFO]: <lekkeh4> me mentiste
[00:28:32] [Server thread/INFO]: <lekkeh4> todos iguales
[00:28:33] [Server thread/INFO]: <Headgoat> siempre
[00:28:45] [Server thread/INFO]: <Headgoat> hay que mantener las esperanzas bajas
[00:28:47] [Server thread/INFO]: Headgoat lost connection: Disconnected
[00:28:47] [Server thread/INFO]: Headgoat left the game
[00:35:11] [Server thread/INFO]: Villager class_1646['Shepherd'/123309, l='ServerLevel[ninga]', x=345.69, y=65.17, z=281.28] died, message: 'Shepherd was slain by Zombie'
[00:36:21] [Server thread/INFO]: Villager class_1646['Farmer'/123282, l='ServerLevel[ninga]', x=310.47, y=71.00, z=270.59] died, message: 'Farmer was slain by Zombie'
[00:51:49] [Server thread/INFO]: <lekkeh4> d
